<?xml version="1.0" encoding="UTF-8"?>
<!-- Generated by org.testng.reporters.JUnitXMLReporter -->
<testsuite hostname="DESKTOP-52RK4PS" ignored="0" name="Test" tests="1" failures="1" timestamp="2023-07-11T12:10:40 IST" time="47.858" errors="0">
  <testcase name="test01" time="47.746" classname="com.basicPractice.iFrame_Task">
    <failure type="org.openqa.selenium.NoSuchWindowException" message="no such window: No target with given id found
  (Session info: chrome=114.0.5735.199)
Build info: version: &amp;apos;3.141.59&amp;apos;, revision: &amp;apos;e82be7d358&amp;apos;, time: &amp;apos;2018-11-14T08:25:53&amp;apos;
System info: host: &amp;apos;DESKTOP-52RK4PS&amp;apos;, ip: &amp;apos;192.168.1.231&amp;apos;, os.name: &amp;apos;Windows 10&amp;apos;, os.arch: &amp;apos;amd64&amp;apos;, os.version: &amp;apos;10.0&amp;apos;, java.version: &amp;apos;1.8.0_144&amp;apos;
Driver info: driver.version: ChromeDriver
remote stacktrace: Backtrace:
	GetHandleVerifier [0x0103A813+48355]
	(No symbol) [0x00FCC4B1]
	(No symbol) [0x00ED5358]
	(No symbol) [0x00EC89B0]
	(No symbol) [0x00EC7138]
	(No symbol) [0x00EC77AA]
	(No symbol) [0x00EC7748]
	(No symbol) [0x00EBCE1C]
	(No symbol) [0x00EBC8FC]
	(No symbol) [0x00EBC105]
	(No symbol) [0x00F20D13]
	(No symbol) [0x00F2093C]
	(No symbol) [0x00F1A536]
	(No symbol) [0x00EF82DC]
	(No symbol) [0x00EF93DD]
	GetHandleVerifier [0x0129AABD+2539405]
	GetHandleVerifier [0x012DA78F+2800735]
	GetHandleVerifier [0x012D456C+2775612]
	GetHandleVerifier [0x010C51E0+616112]
	(No symbol) [0x00FD5F8C]
	(No symbol) [0x00FD2328]
	(No symbol) [0x00FD240B]
	(No symbol) [0x00FC4FF7]
	BaseThreadInitThunk [0x763000C9+25]
	RtlGetAppContainerNamedObjectPath [0x77897B4E+286]
	RtlGetAppContainerNamedObjectPath [0x77897B1E+238]
">
      <![CDATA[org.openqa.selenium.NoSuchWindowException: no such window: No target with given id found
  (Session info: chrome=114.0.5735.199)
Build info: version: '3.141.59', revision: 'e82be7d358', time: '2018-11-14T08:25:53'
System info: host: 'DESKTOP-52RK4PS', ip: '192.168.1.231', os.name: 'Windows 10', os.arch: 'amd64', os.version: '10.0', java.version: '1.8.0_144'
Driver info: driver.version: ChromeDriver
remote stacktrace: Backtrace:
GetHandleVerifier [0x0103A813+48355]
(No symbol) [0x00FCC4B1]
(No symbol) [0x00ED5358]
(No symbol) [0x00EC89B0]
(No symbol) [0x00EC7138]
(No symbol) [0x00EC77AA]
(No symbol) [0x00EC7748]
(No symbol) [0x00EBCE1C]
(No symbol) [0x00EBC8FC]
(No symbol) [0x00EBC105]
(No symbol) [0x00F20D13]
(No symbol) [0x00F2093C]
(No symbol) [0x00F1A536]
(No symbol) [0x00EF82DC]
(No symbol) [0x00EF93DD]
GetHandleVerifier [0x0129AABD+2539405]
GetHandleVerifier [0x012DA78F+2800735]
GetHandleVerifier [0x012D456C+2775612]
GetHandleVerifier [0x010C51E0+616112]
(No symbol) [0x00FD5F8C]
(No symbol) [0x00FD2328]
(No symbol) [0x00FD240B]
(No symbol) [0x00FC4FF7]
BaseThreadInitThunk [0x763000C9+25]
RtlGetAppContainerNamedObjectPath [0x77897B4E+286]
RtlGetAppContainerNamedObjectPath [0x77897B1E+238]

at org.openqa.selenium.remote.W3CHandshakeResponse.lambda$errorHandler$0(W3CHandshakeResponse.java:62)
at org.openqa.selenium.remote.HandshakeResponse.lambda$getResponseFunction$0(HandshakeResponse.java:30)
at org.openqa.selenium.remote.ProtocolHandshake.lambda$createSession$0(ProtocolHandshake.java:126)
at java.util.stream.ReferencePipeline$3$1.accept(ReferencePipeline.java:193)
at java.util.Spliterators$ArraySpliterator.tryAdvance(Spliterators.java:958)
at java.util.stream.ReferencePipeline.forEachWithCancel(ReferencePipeline.java:126)
at java.util.stream.AbstractPipeline.copyIntoWithCancel(AbstractPipeline.java:498)
at java.util.stream.AbstractPipeline.copyInto(AbstractPipeline.java:485)
at java.util.stream.AbstractPipeline.wrapAndCopyInto(AbstractPipeline.java:471)
at java.util.stream.FindOps$FindOp.evaluateSequential(FindOps.java:152)
at java.util.stream.AbstractPipeline.evaluate(AbstractPipeline.java:234)
at java.util.stream.ReferencePipeline.findFirst(ReferencePipeline.java:464)
at org.openqa.selenium.remote.ProtocolHandshake.createSession(ProtocolHandshake.java:128)
at org.openqa.selenium.remote.ProtocolHandshake.createSession(ProtocolHandshake.java:74)
at org.openqa.selenium.remote.HttpCommandExecutor.execute(HttpCommandExecutor.java:136)
at org.openqa.selenium.remote.service.DriverCommandExecutor.execute(DriverCommandExecutor.java:83)
at org.openqa.selenium.remote.RemoteWebDriver.execute(RemoteWebDriver.java:552)
at org.openqa.selenium.remote.RemoteWebDriver.startSession(RemoteWebDriver.java:213)
at org.openqa.selenium.remote.RemoteWebDriver.<init>(RemoteWebDriver.java:131)
at org.openqa.selenium.chrome.ChromeDriver.<init>(ChromeDriver.java:181)
at org.openqa.selenium.chrome.ChromeDriver.<init>(ChromeDriver.java:168)
at org.openqa.selenium.chrome.ChromeDriver.<init>(ChromeDriver.java:157)
at com.basicPractice.iFrame_Task.test01(iFrame_Task.java:21)
at java.util.ArrayList.forEach(ArrayList.java:1249)
... Removed 31 stack frames]]>
    </failure>
  </testcase> <!-- test01 -->
</testsuite> <!-- Test -->
