<?xml version="1.0" encoding="UTF-8"?>
<!-- Generated by org.testng.reporters.JUnitReportReporter -->
<testsuite skipped="0" hostname="DESKTOP-52RK4PS" name="com.basicPractice.iFrame_Task" tests="1" failures="0" timestamp="2023-07-11T12:10:41 IST" time="47.746" errors="1">
  <testcase name="test01" time="47.746" classname="com.basicPractice.iFrame_Task">
    <error type="org.openqa.selenium.NoSuchWindowException" message="no such window: No target with given id found
  (Session info: chrome=114.0.5735.199)
Build info: version: &#039;3.141.59&#039;, revision: &#039;e82be7d358&#039;, time: &#039;2018-11-14T08:25:53&#039;
System info: host: &#039;DESKTOP-52RK4PS&#039;, ip: &#039;192.168.1.231&#039;, os.name: &#039;Windows 10&#039;, os.arch: &#039;amd64&#039;, os.version: &#039;10.0&#039;, java.version: &#039;1.8.0_144&#039;
Driver info: driver.version: ChromeDriver
remote stacktrace: Backtrace:
	GetHandleVerifier [0x0103A813+48355]
	(No symbol) [0x00FCC4B1]
	(No symbol) [0x00ED5358]
	(No symbol) [0x00EC89B0]
	(No symbol) [0x00EC7138]
	(No symbol) [0x00EC77AA]
	(No symbol) [0x00EC7748]
	(No symbol) [0x00EBCE1C]
	(No symbol) [0x00EBC8FC]
	(No symbol) [0x00EBC105]
	(No symbol) [0x00F20D13]
	(No symbol) [0x00F2093C]
	(No symbol) [0x00F1A536]
	(No symbol) [0x00EF82DC]
	(No symbol) [0x00EF93DD]
	GetHandleVerifier [0x0129AABD+2539405]
	GetHandleVerifier [0x012DA78F+2800735]
	GetHandleVerifier [0x012D456C+2775612]
	GetHandleVerifier [0x010C51E0+616112]
	(No symbol) [0x00FD5F8C]
	(No symbol) [0x00FD2328]
	(No symbol) [0x00FD240B]
	(No symbol) [0x00FC4FF7]
	BaseThreadInitThunk [0x763000C9+25]
	RtlGetAppContainerNamedObjectPath [0x77897B4E+286]
	RtlGetAppContainerNamedObjectPath [0x77897B1E+238]
">
      <![CDATA[org.openqa.selenium.NoSuchWindowException: no such window: No target with given id found
  (Session info: chrome=114.0.5735.199)
Build info: version: '3.141.59', revision: 'e82be7d358', time: '2018-11-14T08:25:53'
System info: host: 'DESKTOP-52RK4PS', ip: '192.168.1.231', os.name: 'Windows 10', os.arch: 'amd64', os.version: '10.0', java.version: '1.8.0_144'
Driver info: driver.version: ChromeDriver
remote stacktrace: Backtrace:
GetHandleVerifier [0x0103A813+48355]
(No symbol) [0x00FCC4B1]
(No symbol) [0x00ED5358]
(No symbol) [0x00EC89B0]
(No symbol) [0x00EC7138]
(No symbol) [0x00EC77AA]
(No symbol) [0x00EC7748]
(No symbol) [0x00EBCE1C]
(No symbol) [0x00EBC8FC]
(No symbol) [0x00EBC105]
(No symbol) [0x00F20D13]
(No symbol) [0x00F2093C]
(No symbol) [0x00F1A536]
(No symbol) [0x00EF82DC]
(No symbol) [0x00EF93DD]
GetHandleVerifier [0x0129AABD+2539405]
GetHandleVerifier [0x012DA78F+2800735]
GetHandleVerifier [0x012D456C+2775612]
GetHandleVerifier [0x010C51E0+616112]
(No symbol) [0x00FD5F8C]
(No symbol) [0x00FD2328]
(No symbol) [0x00FD240B]
(No symbol) [0x00FC4FF7]
BaseThreadInitThunk [0x763000C9+25]
RtlGetAppContainerNamedObjectPath [0x77897B4E+286]
RtlGetAppContainerNamedObjectPath [0x77897B1E+238]

at sun.reflect.NativeConstructorAccessorImpl.newInstance0(Native Method)
at sun.reflect.NativeConstructorAccessorImpl.newInstance(NativeConstructorAccessorImpl.java:62)
at sun.reflect.DelegatingConstructorAccessorImpl.newInstance(DelegatingConstructorAccessorImpl.java:45)
at java.lang.reflect.Constructor.newInstance(Constructor.java:423)
at org.openqa.selenium.remote.W3CHandshakeResponse.lambda$errorHandler$0(W3CHandshakeResponse.java:62)
at org.openqa.selenium.remote.HandshakeResponse.lambda$getResponseFunction$0(HandshakeResponse.java:30)
at org.openqa.selenium.remote.ProtocolHandshake.lambda$createSession$0(ProtocolHandshake.java:126)
at java.util.stream.ReferencePipeline$3$1.accept(ReferencePipeline.java:193)
at java.util.Spliterators$ArraySpliterator.tryAdvance(Spliterators.java:958)
at java.util.stream.ReferencePipeline.forEachWithCancel(ReferencePipeline.java:126)
at java.util.stream.AbstractPipeline.copyIntoWithCancel(AbstractPipeline.java:498)
at java.util.stream.AbstractPipeline.copyInto(AbstractPipeline.java:485)
at java.util.stream.AbstractPipeline.wrapAndCopyInto(AbstractPipeline.java:471)
at java.util.stream.FindOps$FindOp.evaluateSequential(FindOps.java:152)
at java.util.stream.AbstractPipeline.evaluate(AbstractPipeline.java:234)
at java.util.stream.ReferencePipeline.findFirst(ReferencePipeline.java:464)
at org.openqa.selenium.remote.ProtocolHandshake.createSession(ProtocolHandshake.java:128)
at org.openqa.selenium.remote.ProtocolHandshake.createSession(ProtocolHandshake.java:74)
at org.openqa.selenium.remote.HttpCommandExecutor.execute(HttpCommandExecutor.java:136)
at org.openqa.selenium.remote.service.DriverCommandExecutor.execute(DriverCommandExecutor.java:83)
at org.openqa.selenium.remote.RemoteWebDriver.execute(RemoteWebDriver.java:552)
at org.openqa.selenium.remote.RemoteWebDriver.startSession(RemoteWebDriver.java:213)
at org.openqa.selenium.remote.RemoteWebDriver.<init>(RemoteWebDriver.java:131)
at org.openqa.selenium.chrome.ChromeDriver.<init>(ChromeDriver.java:181)
at org.openqa.selenium.chrome.ChromeDriver.<init>(ChromeDriver.java:168)
at org.openqa.selenium.chrome.ChromeDriver.<init>(ChromeDriver.java:157)
at com.basicPractice.iFrame_Task.test01(iFrame_Task.java:21)
at sun.reflect.NativeMethodAccessorImpl.invoke0(Native Method)
at sun.reflect.NativeMethodAccessorImpl.invoke(NativeMethodAccessorImpl.java:62)
at sun.reflect.DelegatingMethodAccessorImpl.invoke(DelegatingMethodAccessorImpl.java:43)
at java.lang.reflect.Method.invoke(Method.java:498)
at org.testng.internal.MethodInvocationHelper.invokeMethod(MethodInvocationHelper.java:133)
at org.testng.internal.TestInvoker.invokeMethod(TestInvoker.java:598)
at org.testng.internal.TestInvoker.invokeTestMethod(TestInvoker.java:173)
at org.testng.internal.MethodRunner.runInSequence(MethodRunner.java:46)
at org.testng.internal.TestInvoker$MethodInvocationAgent.invoke(TestInvoker.java:824)
at org.testng.internal.TestInvoker.invokeTestMethods(TestInvoker.java:146)
at org.testng.internal.TestMethodWorker.invokeTestMethods(TestMethodWorker.java:146)
at org.testng.internal.TestMethodWorker.run(TestMethodWorker.java:128)
at java.util.ArrayList.forEach(ArrayList.java:1249)
at org.testng.TestRunner.privateRun(TestRunner.java:794)
at org.testng.TestRunner.run(TestRunner.java:596)
at org.testng.SuiteRunner.runTest(SuiteRunner.java:377)
at org.testng.SuiteRunner.runSequentially(SuiteRunner.java:371)
at org.testng.SuiteRunner.privateRun(SuiteRunner.java:332)
at org.testng.SuiteRunner.run(SuiteRunner.java:276)
at org.testng.SuiteRunnerWorker.runSuite(SuiteRunnerWorker.java:53)
at org.testng.SuiteRunnerWorker.run(SuiteRunnerWorker.java:96)
at org.testng.TestNG.runSuitesSequentially(TestNG.java:1212)
at org.testng.TestNG.runSuitesLocally(TestNG.java:1134)
at org.testng.TestNG.runSuites(TestNG.java:1063)
at org.testng.TestNG.run(TestNG.java:1031)
at org.testng.remote.AbstractRemoteTestNG.run(AbstractRemoteTestNG.java:115)
at org.testng.remote.RemoteTestNG.initAndRun(RemoteTestNG.java:251)
at org.testng.remote.RemoteTestNG.main(RemoteTestNG.java:77)
]]>
    </error>
  </testcase> <!-- test01 -->
  <system-out/>
</testsuite> <!-- com.basicPractice.iFrame_Task -->
